<?xml version="1.0" encoding="UTF-8" standalone="no"?><testsuite errors="1" failures="0" name="Declare to the Republic Bank an other operations" skipped="0" tests="1" time="7.09" timestamp="2024-02-26 03:10:20"><testcase name="Fill out the other operations forms and formula 10 for devolution to generate the file that had to be sent to the Republic Bank"><error message="WebDriver was unable to create a new instance of type class org.openqa.selenium.chrome.ChromeDriver&#13;&#10;WebDriver reported the following message: Could not start a new session. Response code 500. Message: session not created: This version of ChromeDriver only supports Chrome version 114&#10;Current browser version is 121.0.6167.187 with binary path C:\Program Files\Google\Chrome\Application\chrome.exe &#10;Host info: host: 'CHBOGH8N0KL3', ip: '192.168.0.3'&#10;Build info: version: '4.5.3', revision: '4b786a1e430'&#10;System info: os.name: 'Windows 10', os.arch: 'amd64', os.version: '10.0', java.version: '11.0.19'&#10;Driver info: org.openqa.selenium.chrome.ChromeDriver&#10;Command: [null, newSession {capabilities=[Capabilities {acceptInsecureCerts: false, browserName: chrome, goog:chromeOptions: {args: [--no-sandbox, --laging=es, --incognito, --disable-download-notifica..., --start-maximized, --test-type, --ignore-certificate-errors, --allow-running-insecure-co..., --disable-translate, --always-authorize-plugins, --remote-allow-origins=*], extensions: []}}], desiredCapabilities=Capabilities {acceptInsecureCerts: false, browserName: chrome, goog:chromeOptions: {args: [--no-sandbox, --laging=es, --incognito, --disable-download-notifica..., --start-maximized, --test-type, --ignore-certificate-errors, --allow-running-insecure-co..., --disable-translate, --always-authorize-plugins, --remote-allow-origins=*], extensions: []}}}]&#13;&#10;See below for more details." type="net.thucydides.core.webdriver.DriverConfigurationError">WebDriver was unable to create a new instance of type class org.openqa.selenium.chrome.ChromeDriver&#13;
WebDriver reported the following message: Could not start a new session. Response code 500. Message: session not created: This version of ChromeDriver only supports Chrome version 114
Current browser version is 121.0.6167.187 with binary path C:\Program Files\Google\Chrome\Application\chrome.exe 
Host info: host: 'CHBOGH8N0KL3', ip: '192.168.0.3'
Build info: version: '4.5.3', revision: '4b786a1e430'
System info: os.name: 'Windows 10', os.arch: 'amd64', os.version: '10.0', java.version: '11.0.19'
Driver info: org.openqa.selenium.chrome.ChromeDriver
Command: [null, newSession {capabilities=[Capabilities {acceptInsecureCerts: false, browserName: chrome, goog:chromeOptions: {args: [--no-sandbox, --laging=es, --incognito, --disable-download-notifica..., --start-maximized, --test-type, --ignore-certificate-errors, --allow-running-insecure-co..., --disable-translate, --always-authorize-plugins, --remote-allow-origins=*], extensions: []}}], desiredCapabilities=Capabilities {acceptInsecureCerts: false, browserName: chrome, goog:chromeOptions: {args: [--no-sandbox, --laging=es, --incognito, --disable-download-notifica..., --start-maximized, --test-type, --ignore-certificate-errors, --allow-running-insecure-co..., --disable-translate, --always-authorize-plugins, --remote-allow-origins=*], extensions: []}}}]&#13;
See below for more details.</error><system-err>WebDriver was unable to create a new instance of type class org.openqa.selenium.chrome.ChromeDriver&#13;
WebDriver reported the following message: Could not start a new session. Response code 500. Message: session not created: This version of ChromeDriver only supports Chrome version 114
Current browser version is 121.0.6167.187 with binary path C:\Program Files\Google\Chrome\Application\chrome.exe 
Host info: host: 'CHBOGH8N0KL3', ip: '192.168.0.3'
Build info: version: '4.5.3', revision: '4b786a1e430'
System info: os.name: 'Windows 10', os.arch: 'amd64', os.version: '10.0', java.version: '11.0.19'
Driver info: org.openqa.selenium.chrome.ChromeDriver
Command: [null, newSession {capabilities=[Capabilities {acceptInsecureCerts: false, browserName: chrome, goog:chromeOptions: {args: [--no-sandbox, --laging=es, --incognito, --disable-download-notifica..., --start-maximized, --test-type, --ignore-certificate-errors, --allow-running-insecure-co..., --disable-translate, --always-authorize-plugins, --remote-allow-origins=*], extensions: []}}], desiredCapabilities=Capabilities {acceptInsecureCerts: false, browserName: chrome, goog:chromeOptions: {args: [--no-sandbox, --laging=es, --incognito, --disable-download-notifica..., --start-maximized, --test-type, --ignore-certificate-errors, --allow-running-insecure-co..., --disable-translate, --always-authorize-plugins, --remote-allow-origins=*], extensions: []}}}]&#13;
See below for more details.&#13;
co.com.choucair.certification.proyectobase.stepdefinitions.OtherOperationsDevolutionStepDefinitions.that_the_user_is_logged_into_the_application_of_sucursal_virtual_empresas_and_declarations_of_change_hdc_other_operations_for_devolution(OtherOperationsDevolutionStepDefinitions.java:23)&#13;
io.cucumber.java.Invoker.doInvoke(Invoker.java:66)&#13;
io.cucumber.java.Invoker.invoke(Invoker.java:24)&#13;
io.cucumber.java.AbstractGlueDefinition.invokeMethod(AbstractGlueDefinition.java:47)&#13;
io.cucumber.java.JavaStepDefinition.execute(JavaStepDefinition.java:29)&#13;
io.cucumber.core.runner.CoreStepDefinition.execute(CoreStepDefinition.java:66)&#13;
io.cucumber.core.runner.PickleStepDefinitionMatch.runStep(PickleStepDefinitionMatch.java:63)&#13;
io.cucumber.core.runner.TestStep.executeStep(TestStep.java:85)&#13;
io.cucumber.core.runner.TestStep.run(TestStep.java:57)&#13;
io.cucumber.core.runner.PickleStepTestStep.run(PickleStepTestStep.java:51)&#13;
io.cucumber.core.runner.TestCase.run(TestCase.java:84)&#13;
io.cucumber.core.runner.Runner.runPickle(Runner.java:75)&#13;
io.cucumber.core.runtime.CucumberExecutionContext.lambda$runTestCase$5(CucumberExecutionContext.java:129)&#13;
io.cucumber.core.runtime.RethrowingThrowableCollector.executeAndThrow(RethrowingThrowableCollector.java:23)&#13;
io.cucumber.core.runtime.CucumberExecutionContext.runTestCase(CucumberExecutionContext.java:129)&#13;
io.cucumber.junit.FeatureRunner.runChild(FeatureRunner.java:144)&#13;
io.cucumber.junit.FeatureRunner.runChild(FeatureRunner.java:28)&#13;
io.cucumber.junit.FeatureRunner.run(FeatureRunner.java:137)&#13;
io.cucumber.junit.CucumberSerenityRunner.runChild(CucumberSerenityRunner.java:259)&#13;
io.cucumber.junit.CucumberSerenityRunner.runChild(CucumberSerenityRunner.java:59)&#13;
worker.org.gradle.process.internal.worker.GradleWorkerMain.run(GradleWorkerMain.java:69)&#13;
worker.org.gradle.process.internal.worker.GradleWorkerMain.main(GradleWorkerMain.java:74)&#13;
</system-err></testcase></testsuite>